Oct 02, 2022 1:18:29 AM LoggingSort main
INFO: Created array: [18, 77, 94, 68, 68, 20, 95, 43, 36, 81, 78, 97, 54, 4, 0, 78, 41, 49, 16, 30]
Oct 02, 2022 1:18:29 AM LoggingSort main
FINE: [18, 77, 68, 68, 20, 94, 43, 36, 81, 78, 95, 54, 4, 0, 78, 41, 49, 16, 30, 97]
Oct 02, 2022 1:18:29 AM LoggingSort main
FINE: [18, 68, 68, 20, 77, 43, 36, 81, 78, 94, 54, 4, 0, 78, 41, 49, 16, 30, 95, 97]
Oct 02, 2022 1:18:29 AM LoggingSort main
FINE: [18, 68, 20, 68, 43, 36, 77, 78, 81, 54, 4, 0, 78, 41, 49, 16, 30, 94, 95, 97]
Oct 02, 2022 1:18:29 AM LoggingSort main
FINE: [18, 20, 68, 43, 36, 68, 77, 78, 54, 4, 0, 78, 41, 49, 16, 30, 81, 94, 95, 97]
Oct 02, 2022 1:18:29 AM LoggingSort main
FINE: [18, 20, 43, 36, 68, 68, 77, 54, 4, 0, 78, 41, 49, 16, 30, 78, 81, 94, 95, 97]
Oct 02, 2022 1:18:29 AM LoggingSort main
FINE: [18, 20, 36, 43, 68, 68, 54, 4, 0, 77, 41, 49, 16, 30, 78, 78, 81, 94, 95, 97]
Oct 02, 2022 1:18:29 AM LoggingSort main
FINE: [18, 20, 36, 43, 68, 54, 4, 0, 68, 41, 49, 16, 30, 77, 78, 78, 81, 94, 95, 97]
Oct 02, 2022 1:18:29 AM LoggingSort main
FINE: [18, 20, 36, 43, 54, 4, 0, 68, 41, 49, 16, 30, 68, 77, 78, 78, 81, 94, 95, 97]
Oct 02, 2022 1:18:29 AM LoggingSort main
FINE: [18, 20, 36, 43, 4, 0, 54, 41, 49, 16, 30, 68, 68, 77, 78, 78, 81, 94, 95, 97]
Oct 02, 2022 1:18:29 AM LoggingSort main
FINE: [18, 20, 36, 4, 0, 43, 41, 49, 16, 30, 54, 68, 68, 77, 78, 78, 81, 94, 95, 97]
Oct 02, 2022 1:18:29 AM LoggingSort main
FINE: [18, 20, 4, 0, 36, 41, 43, 16, 30, 49, 54, 68, 68, 77, 78, 78, 81, 94, 95, 97]
Oct 02, 2022 1:18:29 AM LoggingSort main
FINE: [18, 4, 0, 20, 36, 41, 16, 30, 43, 49, 54, 68, 68, 77, 78, 78, 81, 94, 95, 97]
Oct 02, 2022 1:18:29 AM LoggingSort main
FINE: [4, 0, 18, 20, 36, 16, 30, 41, 43, 49, 54, 68, 68, 77, 78, 78, 81, 94, 95, 97]
Oct 02, 2022 1:18:29 AM LoggingSort main
FINE: [0, 4, 18, 20, 16, 30, 36, 41, 43, 49, 54, 68, 68, 77, 78, 78, 81, 94, 95, 97]
Oct 02, 2022 1:18:29 AM LoggingSort main
FINE: [0, 4, 18, 16, 20, 30, 36, 41, 43, 49, 54, 68, 68, 77, 78, 78, 81, 94, 95, 97]
Oct 02, 2022 1:18:29 AM LoggingSort main
FINE: [0, 4, 16, 18, 20, 30, 36, 41, 43, 49, 54, 68, 68, 77, 78, 78, 81, 94, 95, 97]
Oct 02, 2022 1:18:29 AM LoggingSort main
FINE: [0, 4, 16, 18, 20, 30, 36, 41, 43, 49, 54, 68, 68, 77, 78, 78, 81, 94, 95, 97]
Oct 02, 2022 1:18:29 AM LoggingSort main
FINE: [0, 4, 16, 18, 20, 30, 36, 41, 43, 49, 54, 68, 68, 77, 78, 78, 81, 94, 95, 97]
Oct 02, 2022 1:18:29 AM LoggingSort main
FINE: [0, 4, 16, 18, 20, 30, 36, 41, 43, 49, 54, 68, 68, 77, 78, 78, 81, 94, 95, 97]
Oct 02, 2022 1:18:29 AM LoggingSort main
FINE: [0, 4, 16, 18, 20, 30, 36, 41, 43, 49, 54, 68, 68, 77, 78, 78, 81, 94, 95, 97]
Oct 02, 2022 1:18:29 AM LoggingSort main
INFO: Sorted array: [0, 4, 16, 18, 20, 30, 36, 41, 43, 49, 54, 68, 68, 77, 78, 78, 81, 94, 95, 97]
